<?xml version="1.0" encoding="UTF-8"?>
<!-- Generated by org.testng.reporters.JUnitReportReporter -->
<testsuite hostname="Shon" failures="0" tests="1" name="first.PS2" time="0.010" errors="0" timestamp="2024-04-27T14:20:14 IDT" skipped="0">
  <testcase classname="first.PS2" name="testRun" time="0.010"/>
</testsuite> <!-- first.PS2 -->
